# JRE version: Java(TM) SE Runtime Environment (17.0.14+8) (build 17.0.14+8-LTS-191)
# Java VM: Java HotSpot(TM) 64-Bit Server VM (17.0.14+8-LTS-191, mixed mode, sharing, tiered, compressed oops, compressed class ptrs, g1 gc, windows-amd64)
GC Precious Log:
 CPUs: 4 total, 4 available
 Memory: 16329M
 Large Page Support: Disabled
 NUMA Support: Disabled
 Compressed Oops: Enabled (Zero based)
 Heap Region Size: 2M
 Heap Min Capacity: 8M
 Heap Initial Capacity: 256M
 Heap Max Capacity: 4G
 Pre-touch: Disabled
 Parallel Workers: 4
 Concurrent Workers: 1
 Concurrent Refinement Workers: 4
 Periodic GC: Disabled
Heap:
 garbage-first heap   total 131072K, used 72881K [0x0000000700000000, 0x0000000800000000)
  region size 2048K, 2 young (4096K), 1 survivors (2048K)
 Metaspace       used 75808K, committed 76544K, reserved 1179648K
  class space    used 10761K, committed 11136K, reserved 1048576K
GC Heap History (20 events):
Event: 21.125 GC heap before
{Heap before GC invocations=21 (full 0):
 garbage-first heap   total 106496K, used 78951K [0x0000000700000000, 0x0000000800000000)
  region size 2048K, 13 young (26624K), 2 survivors (4096K)
 Metaspace       used 57305K, committed 57920K, reserved 1114112K
  class space    used 8127K, committed 8384K, reserved 1048576K
}
Event: 21.131 GC heap after
{Heap after GC invocations=22 (full 0):
 garbage-first heap   total 106496K, used 58160K [0x0000000700000000, 0x0000000800000000)
  region size 2048K, 2 young (4096K), 2 survivors (4096K)
 Metaspace       used 57305K, committed 57920K, reserved 1114112K
  class space    used 8127K, committed 8384K, reserved 1048576K
}
Event: 21.618 GC heap before
{Heap before GC invocations=22 (full 0):
 garbage-first heap   total 106496K, used 82736K [0x0000000700000000, 0x0000000800000000)
  region size 2048K, 14 young (28672K), 2 survivors (4096K)
 Metaspace       used 59869K, committed 60480K, reserved 1114112K
  class space    used 8457K, committed 8704K, reserved 1048576K
}
Event: 21.622 GC heap after
{Heap after GC invocations=23 (full 0):
 garbage-first heap   total 106496K, used 59013K [0x0000000700000000, 0x0000000800000000)
  region size 2048K, 2 young (4096K), 2 survivors (4096K)
 Metaspace       used 59869K, committed 60480K, reserved 1114112K
  class space    used 8457K, committed 8704K, reserved 1048576K
}
Event: 22.292 GC heap before
{Heap before GC invocations=24 (full 0):
 garbage-first heap   total 112640K, used 81541K [0x0000000700000000, 0x0000000800000000)
  region size 2048K, 13 young (26624K), 2 survivors (4096K)
 Metaspace       used 61506K, committed 62144K, reserved 1114112K
  class space    used 8680K, committed 8960K, reserved 1048576K
}
Event: 22.297 GC heap after
{Heap after GC invocations=25 (full 0):
 garbage-first heap   total 112640K, used 60675K [0x0000000700000000, 0x0000000800000000)
  region size 2048K, 2 young (4096K), 2 survivors (4096K)
 Metaspace       used 61506K, committed 62144K, reserved 1114112K
  class space    used 8680K, committed 8960K, reserved 1048576K
}
Event: 23.026 GC heap before
{Heap before GC invocations=25 (full 0):
 garbage-first heap   total 112640K, used 87299K [0x0000000700000000, 0x0000000800000000)
  region size 2048K, 15 young (30720K), 2 survivors (4096K)
 Metaspace       used 63269K, committed 63808K, reserved 1114112K
  class space    used 8896K, committed 9152K, reserved 1048576K
}
Event: 23.032 GC heap after
{Heap after GC invocations=26 (full 0):
 garbage-first heap   total 112640K, used 61406K [0x0000000700000000, 0x0000000800000000)
  region size 2048K, 2 young (4096K), 2 survivors (4096K)
 Metaspace       used 63269K, committed 63808K, reserved 1114112K
  class space    used 8896K, committed 9152K, reserved 1048576K
}
Event: 23.819 GC heap before
{Heap before GC invocations=27 (full 0):
 garbage-first heap   total 112640K, used 88030K [0x0000000700000000, 0x0000000800000000)
  region size 2048K, 15 young (30720K), 2 survivors (4096K)
 Metaspace       used 64777K, committed 65408K, reserved 1114112K
  class space    used 9108K, committed 9408K, reserved 1048576K
}
Event: 23.824 GC heap after
{Heap after GC invocations=28 (full 0):
 garbage-first heap   total 112640K, used 63167K [0x0000000700000000, 0x0000000800000000)
  region size 2048K, 2 young (4096K), 2 survivors (4096K)
 Metaspace       used 64777K, committed 65408K, reserved 1114112K
  class space    used 9108K, committed 9408K, reserved 1048576K
}
Event: 24.550 GC heap before
{Heap before GC invocations=28 (full 0):
 garbage-first heap   total 112640K, used 87743K [0x0000000700000000, 0x0000000800000000)
  region size 2048K, 15 young (30720K), 2 survivors (4096K)
 Metaspace       used 66534K, committed 67200K, reserved 1114112K
  class space    used 9359K, committed 9664K, reserved 1048576K
}
Event: 24.557 GC heap after
{Heap after GC invocations=29 (full 0):
 garbage-first heap   total 112640K, used 64524K [0x0000000700000000, 0x0000000800000000)
  region size 2048K, 2 young (4096K), 2 survivors (4096K)
 Metaspace       used 66534K, committed 67200K, reserved 1114112K
  class space    used 9359K, committed 9664K, reserved 1048576K
}
Event: 25.810 GC heap before
{Heap before GC invocations=30 (full 0):
 garbage-first heap   total 120832K, used 89100K [0x0000000700000000, 0x0000000800000000)
  region size 2048K, 15 young (30720K), 2 survivors (4096K)
 Metaspace       used 68596K, committed 69248K, reserved 1114112K
  class space    used 9706K, committed 10048K, reserved 1048576K
}
Event: 25.817 GC heap after
{Heap after GC invocations=31 (full 0):
 garbage-first heap   total 120832K, used 66285K [0x0000000700000000, 0x0000000800000000)
  region size 2048K, 2 young (4096K), 2 survivors (4096K)
 Metaspace       used 68596K, committed 69248K, reserved 1114112K
  class space    used 9706K, committed 10048K, reserved 1048576K
}
Event: 28.004 GC heap before
{Heap before GC invocations=31 (full 0):
 garbage-first heap   total 120832K, used 94957K [0x0000000700000000, 0x0000000800000000)
  region size 2048K, 17 young (34816K), 2 survivors (4096K)
 Metaspace       used 70860K, committed 71552K, reserved 1114112K
  class space    used 10104K, committed 10432K, reserved 1048576K
}
Event: 28.011 GC heap after
{Heap after GC invocations=32 (full 0):
 garbage-first heap   total 120832K, used 68320K [0x0000000700000000, 0x0000000800000000)
  region size 2048K, 3 young (6144K), 3 survivors (6144K)
 Metaspace       used 70860K, committed 71552K, reserved 1114112K
  class space    used 10104K, committed 10432K, reserved 1048576K
}
Event: 29.044 GC heap before
{Heap before GC invocations=33 (full 0):
 garbage-first heap   total 122880K, used 94944K [0x0000000700000000, 0x0000000800000000)
  region size 2048K, 17 young (34816K), 3 survivors (6144K)
 Metaspace       used 73353K, committed 74048K, reserved 1114112K
  class space    used 10388K, committed 10752K, reserved 1048576K
}
Event: 29.055 GC heap after
{Heap after GC invocations=34 (full 0):
 garbage-first heap   total 122880K, used 71662K [0x0000000700000000, 0x0000000800000000)
  region size 2048K, 3 young (6144K), 3 survivors (6144K)
 Metaspace       used 73353K, committed 74048K, reserved 1114112K
  class space    used 10388K, committed 10752K, reserved 1048576K
}
Event: 70.073 GC heap before
{Heap before GC invocations=34 (full 0):
 garbage-first heap   total 122880K, used 96238K [0x0000000700000000, 0x0000000800000000)
  region size 2048K, 16 young (32768K), 3 survivors (6144K)
 Metaspace       used 75792K, committed 76544K, reserved 1179648K
  class space    used 10759K, committed 11136K, reserved 1048576K
}
Event: 70.086 GC heap after
{Heap after GC invocations=35 (full 0):
 garbage-first heap   total 122880K, used 72881K [0x0000000700000000, 0x0000000800000000)
  region size 2048K, 1 young (2048K), 1 survivors (2048K)
 Metaspace       used 75792K, committed 76544K, reserved 1179648K
  class space    used 10759K, committed 11136K, reserved 1048576K
}

